-------------------------------------------------------------------------------
Test set: com.ashokit.StockServiceAppApplicationTests
-------------------------------------------------------------------------------
Tests run: 1, Failures: 0, Errors: 1, Skipped: 0, Time elapsed: 4.195 s <<< FAILURE! - in com.ashokit.StockServiceAppApplicationTests
contextLoads  Time elapsed: 0.002 s  <<< ERROR!
java.lang.IllegalStateException: Failed to load ApplicationContext
Caused by: org.springframework.beans.factory.BeanCreationException: 
Error creating bean with name 'dataSourceScriptDatabaseInitializer' defined in class path resource [org/springframework/boot/autoconfigure/sql/init/DataSourceInitializationConfiguration.class]: Invocation of init method failed; nested exception is org.springframework.jdbc.datasource.init.ScriptStatementFailedException: Failed to execute SQL script statement #1 of URL [file:/Applications/SpringToolSuite4.app/Stock-Service-App/target/classes/data.sql]: INSERT INTO STOCK_PRICE (STOCK_ID, COMPANY_NAME, STOCK_PRICE) VALUES(101, 'HCL', 700.25); nested exception is org.h2.jdbc.JdbcSQLSyntaxErrorException: Table "STOCK_PRICE" not found; SQL statement:
INSERT INTO STOCK_PRICE (STOCK_ID, COMPANY_NAME, STOCK_PRICE) VALUES(101, 'HCL', 700.25) [42102-200]
Caused by: org.springframework.jdbc.datasource.init.ScriptStatementFailedException: 
Failed to execute SQL script statement #1 of URL [file:/Applications/SpringToolSuite4.app/Stock-Service-App/target/classes/data.sql]: INSERT INTO STOCK_PRICE (STOCK_ID, COMPANY_NAME, STOCK_PRICE) VALUES(101, 'HCL', 700.25); nested exception is org.h2.jdbc.JdbcSQLSyntaxErrorException: Table "STOCK_PRICE" not found; SQL statement:
INSERT INTO STOCK_PRICE (STOCK_ID, COMPANY_NAME, STOCK_PRICE) VALUES(101, 'HCL', 700.25) [42102-200]
Caused by: org.h2.jdbc.JdbcSQLSyntaxErrorException: 
Table "STOCK_PRICE" not found; SQL statement:
INSERT INTO STOCK_PRICE (STOCK_ID, COMPANY_NAME, STOCK_PRICE) VALUES(101, 'HCL', 700.25) [42102-200]

